
> express-server@1.0.0 start F:\Tongji Universerty\2018-2019 1st Term\Webservices and SQA\FoodieSystem\express-server
> node ./node_modules/nodemon/bin/nodemon.js src/app.js

[33m[nodemon] 1.18.9[39m
[33m[nodemon] to restart at any time, enter `rs`[39m
[33m[nodemon] watching: *.*[39m
[32m[nodemon] starting `node src/app.js`[39m
[HPM] Proxy created: /  ->  http://apis.juhe.cn
[0mOPTIONS /restaurant/mapsearch [32m204 [0m2.356 ms - 0[0m
[Info][Query] select * from `foodie_system`.`restaurant` where restaurant_name='æ˜Ÿå·´å…‹å’–å•¡(å˜‰å®šåŒæµç§‘æŠ€å›­åº—)' and lng=121.211015 and lat=31.280237;
[0mPOST /restaurant/mapsearch [32m200 [0m65.521 ms - 26[0m
[Info][Query] select * from `foodie_system`.`restaurant`
[0mGET /restaurant [32m200 [0m9.452 ms - 983[0m
[Info][Query] select * from `foodie_system`.`restaurant`
[0mGET /restaurant [32m200 [0m2.036 ms - 983[0m
[0mOPTIONS /restaurant/mapsearch [32m204 [0m0.269 ms - 0[0m
[Info][Query] select * from `foodie_system`.`restaurant` where restaurant_name='è‚¯å¾·åŸº' and lng=104.195397 and lat=35.86166;
[0mPOST /restaurant/mapsearch [32m200 [0m2.527 ms - 26[0m
[0mOPTIONS /restaurant/mapsearch [32m204 [0m0.086 ms - 0[0m
[Info][Query] select * from `foodie_system`.`restaurant` where restaurant_name='çš–å—å°å¨' and lng=121.21184 and lat=31.280589;
[0mPOST /restaurant/mapsearch [32m200 [0m2.113 ms - 26[0m
[0mOPTIONS /restaurant/mapsearch [32m204 [0m0.077 ms - 0[0m
[Info][Query] select * from `foodie_system`.`restaurant` where restaurant_name='7-COFFEE' and lng=121.211026 and lat=31.280036;
[0mPOST /restaurant/mapsearch [32m200 [0m1.444 ms - 26[0m
[0mOPTIONS /restaurant/mapsearch [32m204 [0m0.086 ms - 0[0m
[Info][Query] select * from `foodie_system`.`restaurant` where restaurant_name='è°·å‘³å®¶å¤§é¥­å ‚' and lng=121.210913 and lat=31.279605;
[0mPOST /restaurant/mapsearch [32m200 [0m1.251 ms - 26[0m
[0mOPTIONS /restaurant/mapsearch [32m204 [0m0.162 ms - 0[0m
[Info][Query] select * from `foodie_system`.`restaurant` where restaurant_name='è‚¯å¾·åŸº' and lng=104.195397 and lat=35.86166;
[0mPOST /restaurant/mapsearch [32m200 [0m2.163 ms - 26[0m
[0mOPTIONS /restaurant/addres [32m204 [0m0.081 ms - 0[0m
[Info][Query] call add_restaurant('è‚¯å¾·åŸº','ç¾ä¼¦å¹¿åœº','å…°å·å¸‚',104.195397,35.86166,@rid);
[Info][Query] select @rid
[0mPOST /restaurant/addres [32m200 [0m332.829 ms - 25[0m
[Info][Query] select * from `foodie_system`.`restaurant`
[0mGET /restaurant [32m200 [0m1.328 ms - 1114[0m
[0mOPTIONS /restaurant/mapsearch [32m204 [0m1.108 ms - 0[0m
[Info][Query] select * from `foodie_system`.`restaurant` where restaurant_name='çš–å—å°å¨' and lng=121.21184 and lat=31.280589;
[0mPOST /restaurant/mapsearch [32m200 [0m18.006 ms - 26[0m
[0mOPTIONS /restaurant/addres [32m204 [0m0.072 ms - 0[0m
[Info][Query] call add_restaurant('çš–å—å°å¨','å®‰äº­é•‡ç»¿è‹‘è·¯634å·1å±‚','ä¸Šæµ·å¸‚',121.21184,31.280589,@rid);
[Info][Query] select @rid
[0mPOST /restaurant/addres [32m200 [0m139.143 ms - 25[0m
[Info][Query] select * from `foodie_system`.`restaurant`
[0mGET /restaurant [32m200 [0m40.215 ms - 1264[0m
[0mOPTIONS /restaurant/mapsearch [32m204 [0m0.088 ms - 0[0m
[Info][Query] select * from `foodie_system`.`restaurant` where restaurant_name='çš–å—å°å¨' and lng=121.21184 and lat=31.280589;
[0mPOST /restaurant/mapsearch [32m200 [0m1.365 ms - 175[0m
[0mOPTIONS /restaurant/addres [32m204 [0m0.076 ms - 0[0m
[Info][Query] call add_restaurant('çš–å—å°å¨','å®‰äº­é•‡ç»¿è‹‘è·¯634å·1å±‚','ä¸Šæµ·å¸‚',121.21184,31.280589,@rid);
[Info][Query] select @rid
[0mPOST /restaurant/addres [32m200 [0m71.698 ms - 25[0m
[Info][Query] select * from `foodie_system`.`restaurant`
[0mGET /restaurant [32m200 [0m3.084 ms - 1414[0m
[Info][Query] select * from `foodie_system`.`restaurant` where restaurant_name='æ¹˜ç²¤é˜' and lng=121.217177 and lat=31.287375;
[0mPOST /restaurant/mapsearch [32m200 [0m1.408 ms - 201[0m
[Info][Query] select * from `foodie_system`.`restaurant` where restaurant_name='æ¹˜ç²¤é˜' and lng=121.217177 and lat=31.287374;
[0mPOST /restaurant/mapsearch [32m200 [0m1.742 ms - 26[0m
[Info][Query] select * from `foodie_system`.`restaurant` where restaurant_name='æ¹˜ç²¤é˜' and lng=121.217177 and lat=0;
[0mPOST /restaurant/mapsearch [32m200 [0m1.296 ms - 26[0m
[Info][Query] select * from `foodie_system`.`restaurant`
[0mGET /restaurant [32m200 [0m1.431 ms - 1264[0m
[Info][Query] select * from `foodie_system`.`restaurant`
[0mGET /restaurant [36m304 [0m2.306 ms - -[0m
[0mOPTIONS /restaurant/mapsearch [32m204 [0m0.079 ms - 0[0m
[Info][Query] select * from `foodie_system`.`restaurant` where restaurant_name='çš–å—å°å¨' and lng=121.21184 and lat=31.280589;
[0mPOST /restaurant/mapsearch [32m200 [0m2.545 ms - 175[0m
[0mOPTIONS /restaurant/addres [32m204 [0m0.093 ms - 0[0m
[Info][Query] call add_restaurant('çš–å—å°å¨','å®‰äº­é•‡ç»¿è‹‘è·¯634å·1å±‚','ä¸Šæµ·å¸‚',121.21184,31.280589,@rid);
[Info][Query] select @rid
[0mPOST /restaurant/addres [32m200 [0m104.116 ms - 26[0m
[Info][Query] select * from `foodie_system`.`restaurant`
[0mGET /restaurant [32m200 [0m1.669 ms - 1415[0m
[Info][Query] select * from `foodie_system`.`restaurant` where restaurant_name='çš–å—å°å¨' and lng=121.21184 and lat=31.280589;
[0mPOST /restaurant/mapsearch [32m200 [0m2.157 ms - 326[0m
[0mOPTIONS /restaurant/mapsearch [32m204 [0m0.074 ms - 0[0m
[Info][Query] select * from `foodie_system`.`restaurant` where restaurant_name='çš–å—å°å¨' and lng=121.21184 and lat=31.280589;
[0mPOST /restaurant/mapsearch [32m200 [0m1.362 ms - 326[0m
[Info][Query] select * from `foodie_system`.`restaurant`
[0mGET /restaurant [32m200 [0m38.189 ms - 1264[0m
[0mOPTIONS /restaurant/mapsearch [32m204 [0m0.069 ms - 0[0m
[Info][Query] select * from `foodie_system`.`restaurant` where restaurant_name='å›å›æ¥é‡åº†è€ç«é”…(åŒæµåº—)' and lng=121.211884 and lat=31.280247;
[0mPOST /restaurant/mapsearch [32m200 [0m1.297 ms - 26[0m
[0mOPTIONS /restaurant/mapsearch [32m204 [0m0.087 ms - 0[0m
[Info][Query] select * from `foodie_system`.`restaurant` where restaurant_name='å›å›æ¥é‡åº†è€ç«é”…(åŒæµåº—)' and lng=121.211884 and lat=31.280247;
[0mPOST /restaurant/mapsearch [32m200 [0m1.546 ms - 26[0m
[Info][Query] select * from `foodie_system`.`restaurant` where restaurant_name='çš–å—å°å¨' and lng=121.21184 and lat=31.28058;
[0mPOST /restaurant/mapsearch [32m200 [0m1.378 ms - 26[0m
[Info][Query] select * from `foodie_system`.`restaurant` where restaurant_name='çš–å—å°å¨' and lng=121.21184 and lat=31.280589;
[0mPOST /restaurant/mapsearch [32m200 [0m2.058 ms - 175[0m
[Info][Query] select * from `foodie_system`.`restaurant`
[0mGET /restaurant [36m304 [0m3.297 ms - -[0m
[Info][Query] select * from `foodie_system`.`restaurant`
[0mGET /restaurant [36m304 [0m1.451 ms - -[0m
[0mOPTIONS /restaurant/mapsearch [32m204 [0m0.134 ms - 0[0m
[Info][Query] select * from `foodie_system`.`restaurant` where restaurant_name='å›å›æ¥é‡åº†è€ç«é”…(åŒæµåº—)' and lng=121.211884 and lat=31.280247;
[0mPOST /restaurant/mapsearch [32m200 [0m1.705 ms - 26[0m
[0mOPTIONS /restaurant/mapsearch [32m204 [0m0.080 ms - 0[0m
[Info][Query] select * from `foodie_system`.`restaurant` where restaurant_name='çš–å—å°å¨' and lng=121.21184 and lat=31.280589;
[0mPOST /restaurant/mapsearch [32m200 [0m1.847 ms - 175[0m
[0mOPTIONS /restaurant/mapsearch [32m204 [0m0.103 ms - 0[0m
[Info][Query] select * from `foodie_system`.`restaurant` where restaurant_name='å›å›æ¥é‡åº†è€ç«é”…(åŒæµåº—)' and lng=121.211884 and lat=31.280247;
[0mPOST /restaurant/mapsearch [32m200 [0m1.704 ms - 26[0m
[0mOPTIONS /restaurant/addres [32m204 [0m0.065 ms - 0[0m
[Info][Query] call add_restaurant('å›å›æ¥é‡åº†è€ç«é”…(åŒæµåº—)','ç»¿è‹‘è·¯588å·(æ ¼æ—è±ªæ³°éš”å£)','ä¸Šæµ·å¸‚',121.211884,31.280247,@rid);
[Info][Query] select @rid
[0mPOST /restaurant/addres [32m200 [0m223.403 ms - 26[0m
[0mOPTIONS /restaurant/mapsearch [32m204 [0m0.069 ms - 0[0m
[Info][Query] select * from `foodie_system`.`restaurant` where restaurant_name='çš–å—å°å¨' and lng=121.21184 and lat=31.280589;
[0mPOST /restaurant/mapsearch [32m200 [0m1.315 ms - 175[0m
[0mOPTIONS /restaurant/mapsearch [32m204 [0m0.097 ms - 0[0m
[Info][Query] select * from `foodie_system`.`restaurant` where restaurant_name='çš–å—å°å¨' and lng=121.21184 and lat=31.280589;
[0mPOST /restaurant/mapsearch [32m200 [0m2.485 ms - 175[0m
[0mOPTIONS /restaurant/mapsearch [32m204 [0m0.069 ms - 0[0m
[Info][Query] select * from `foodie_system`.`restaurant` where restaurant_name='å‘³æ¥é²œå¤§é£Ÿå ‚' and lng=121.211755 and lat=31.279706;
[0mPOST /restaurant/mapsearch [32m200 [0m1.319 ms - 26[0m
[0mOPTIONS /restaurant/addres [32m204 [0m0.082 ms - 0[0m
[Info][Query] call add_restaurant('å‘³æ¥é²œå¤§é£Ÿå ‚','å®‰äº­é•‡é»„æ¸¡é•‡ç»¿è‹‘è·¯562å·','ä¸Šæµ·å¸‚',121.211755,31.279706,@rid);
[Info][Query] select @rid
[0mPOST /restaurant/addres [32m200 [0m462.764 ms - 26[0m
[Info][Query] select * from `foodie_system`.`restaurant`
[0mGET /restaurant [32m200 [0m3.384 ms - 1609[0m
[Info][Query] select * from `foodie_system`.`restaurant`
[0mGET /restaurant [32m200 [0m1.592 ms - 1609[0m
[0mOPTIONS /restaurant/mapsearch [32m204 [0m0.072 ms - 0[0m
[Info][Query] select * from `foodie_system`.`restaurant` where restaurant_name='æ˜Ÿå·´å…‹å’–å•¡(å˜‰å®šåŒæµç§‘æŠ€å›­åº—)' and lng=121.211015 and lat=31.280237;
[0mPOST /restaurant/mapsearch [32m200 [0m40.333 ms - 26[0m
[0mOPTIONS /restaurant/mapsearch [32m204 [0m0.059 ms - 0[0m
[Info][Query] select * from `foodie_system`.`restaurant` where restaurant_name='7-COFFEE' and lng=121.211026 and lat=31.280036;
[0mPOST /restaurant/mapsearch [32m200 [0m1.465 ms - 26[0m
[0mOPTIONS /restaurant/addres [32m204 [0m0.109 ms - 0[0m
[Info][Query] call add_restaurant('7-COFFEE','é»„æ¸¡é•‡ç»¿è‹‘è·¯573å·','ä¸Šæµ·å¸‚',121.211026,31.280036,@rid);
[Info][Query] select @rid
[0mPOST /restaurant/addres [32m200 [0m193.737 ms - 26[0m
[Info][Query] select * from `foodie_system`.`restaurant`
[0mGET /restaurant [32m200 [0m2.086 ms - 1753[0m
[0mOPTIONS /restaurant/mapsearch [32m204 [0m0.062 ms - 0[0m
[Info][Query] select * from `foodie_system`.`restaurant` where restaurant_name='çš–å—å°å¨' and lng=121.21184 and lat=31.280589;
[0mPOST /restaurant/mapsearch [32m200 [0m1.373 ms - 175[0m
[Info][Query] select * from `foodie_system`.`restaurant`
[0mGET /restaurant [36m304 [0m2.547 ms - -[0m
[0mOPTIONS /restaurant/mapsearch [32m204 [0m0.070 ms - 0[0m
[Info][Query] select * from `foodie_system`.`restaurant` where restaurant_name='çš–å—å°å¨' and lng=121.21184 and lat=31.280589;
[0mPOST /restaurant/mapsearch [32m200 [0m1.261 ms - 175[0m
[Info][Query] select * from v_content_user where rid ='8';
[0mGET /comment/8 [32m200 [0m430.282 ms - 26[0m
[Info][Query] select * from `foodie_system`.`restaurant`
[0mGET /restaurant [36m304 [0m1.844 ms - -[0m
[Info][Query] select * from v_content_user where rid ='1';
[0mGET /comment/1 [32m200 [0m144.220 ms - 287[0m
[Info][Query] select * from food where rid='1';
[0mPOST /restaurant/menu/1 [32m200 [0m85.495 ms - 123[0m
[0mGET /cook/query.php?menu=%E8%92%9C%E7%99%BD%E7%82%92%E8%9B%8B%E9%A5%AD&key=1b94094722c61ec7762c83f5ed1e18a2 [32m200 [0m592.573 ms - -[0m
[Info][Query] select * from food where rid='1';
[0mPOST /restaurant/menu/1 [32m200 [0m1.293 ms - 123[0m
[0mGET /cook/query.php?menu=%E8%9B%8B%E7%82%92%E9%A5%AD&key=1b94094722c61ec7762c83f5ed1e18a2 [32m200 [0m431.433 ms - -[0m
