
> vue-server@0.1.0 serve F:\Tongji Universerty\2018-2019 1st Term\Webservices and SQA\FoodieSystem\vue-server
> vue-cli-service serve

 ERROR  Error loading vue.config.js:
 ERROR  ReferenceError: conf is not defined
ReferenceError: conf is not defined
    at Object.<anonymous> (F:\Tongji Universerty\2018-2019 1st Term\Webservices and SQA\FoodieSystem\vue-server\vue.config.js:6:11)
    at Module._compile (internal/modules/cjs/loader.js:688:30)
    at Object.Module._extensions..js (internal/modules/cjs/loader.js:699:10)
    at Module.load (internal/modules/cjs/loader.js:598:32)
    at tryModuleLoad (internal/modules/cjs/loader.js:537:12)
    at Function.Module._load (internal/modules/cjs/loader.js:529:3)
    at Module.require (internal/modules/cjs/loader.js:636:17)
    at require (internal/modules/cjs/helpers.js:20:18)
    at Service.loadUserOptions (F:\Tongji Universerty\2018-2019 1st Term\Webservices and SQA\FoodieSystem\vue-server\node_modules\@vue\cli-service\lib\Service.js:283:22)
    at Service.init (F:\Tongji Universerty\2018-2019 1st Term\Webservices and SQA\FoodieSystem\vue-server\node_modules\@vue\cli-service\lib\Service.js:72:30)
npm ERR! code ELIFECYCLE
npm ERR! errno 1
npm ERR! vue-server@0.1.0 serve: `vue-cli-service serve`
npm ERR! Exit status 1
npm ERR! 
npm ERR! Failed at the vue-server@0.1.0 serve script.
npm ERR! This is probably not a problem with npm. There is likely additional logging output above.

npm ERR! A complete log of this run can be found in:
npm ERR!     C:\Users\nwonknu\AppData\Roaming\npm-cache\_logs\2018-12-25T06_46_14_258Z-debug.log
